<?xml version="1.0" encoding="UTF-8"?>
<!-- Generated by org.testng.reporters.JUnitXMLReporter -->
<testsuite ignored="2" hostname="LAPTOP-DC8BND6A" failures="0" tests="1" name="Default test" time="7.255" errors="0" timestamp="2023-04-07T11:38:52 EDT">
  <testcase classname="com.Amazon.Testcases.YourOrderTest" name="verifyBuyAgainOption" time="2.854"/>
  <testcase classname="com.Amazon.Testcases.YourOrderTest" name="verifyCancelledOrdersOption" time="0.0">
    <ignored/>
  </testcase> <!-- verifyCancelledOrdersOption -->
  <testcase classname="com.Amazon.Testcases.YourOrderTest" name="verifyNotYetShippedOption" time="0.0">
    <ignored/>
  </testcase> <!-- verifyNotYetShippedOption -->
</testsuite> <!-- Default test -->
